Build started 3/8/2013 10:19:16 AM.
     1>Project "C:\vc11_deps\repo\winlibs_gettext\MSVC11\libintl_static\libintl_static.vcxproj" on node 2 (Rebuild target(s)).
     1>ClCompile:
         C:\Program Files (x86)\Microsoft Visual Studio 11.0\VC\bin\CL.exe /c /I".\..\..\source\gettext-runtime" /Zi /nologo /W3 /WX- /Ox /Ob2 /Oy- /GL /D "LOCALEDIR=\"c:\\\\program files\\gettext\"" /D "LOCALE_ALIAS_PATH=\"c:\\\\program files\\gettext\"" /D "LIBDIR=\"c:\\\\program files\\gettext\"" /D IN_LIBINTL /D ENABLE_RELOCATABLE=1 /D IN_LIBRARY /D "INSTALLDIR=\"c:\\\\program files\\gettext\"" /D NO_XMALLOC /D set_relocation_prefix=libintl_set_relocation_prefix /D relocate=libintl_relocate /D DEPENDS_ON_LIBICONV=1 /D HAVE_CONFIG_H /D _CRT_SECURE_NO_WARNINGS /D _UNICODE /D UNICODE /Gm- /EHsc /MD /GS /fp:precise /Zc:wchar_t /Zc:forScope /Fo"Release\\" /Fd"Release\vc110.pdb" /Gd /TC /analyze- /errorReport:prompt "..\..\source\gettext-runtime\intl\bindtextdom.c" "..\..\source\gettext-runtime\intl\dcgettext.c" "..\..\source\gettext-runtime\intl\dcigettext.c" "..\..\source\gettext-runtime\intl\dcngettext.c" "..\..\source\gettext-runtime\intl\dgettext.c" "..\..\source\gettext-runtime\intl\dngettext.c" "..\..\source\gettext-runtime\intl\explodename.c" "..\..\source\gettext-runtime\intl\finddomain.c" "..\..\source\gettext-runtime\intl\gettext.c" "..\..\source\gettext-runtime\intl\hash-string.c" "..\..\source\gettext-runtime\intl\intl-compat.c" "..\..\source\gettext-runtime\intl\l10nflist.c" "..\..\source\gettext-runtime\intl\langprefs.c" "..\..\source\gettext-runtime\intl\loadmsgcat.c" "..\..\source\gettext-runtime\intl\localcharset.c" "..\..\source\gettext-runtime\intl\localealias.c" "..\..\source\gettext-runtime\intl\localename.c" "..\..\source\gettext-runtime\intl\lock.c" "..\..\source\gettext-runtime\intl\log.c" "..\..\source\gettext-runtime\intl\ngettext.c" "..\..\source\gettext-runtime\intl\osdep.c" "..\..\source\gettext-runtime\intl\plural-exp.c" "..\..\source\gettext-runtime\intl\plural.c" "..\..\source\gettext-runtime\intl\printf.c" "..\..\source\gettext-runtime\intl\relocatable.c" "..\..\source\gettext-runtime\intl\textdomain.c" "..\..\source\gettext-runtime\intl\version.c"
         bindtextdom.c
         dcgettext.c
         dcigettext.c
         dcngettext.c
         dgettext.c
         dngettext.c
         explodename.c
         finddomain.c
         gettext.c
         hash-string.c
         intl-compat.c
         l10nflist.c
         langprefs.c
         loadmsgcat.c
         localcharset.c
         localealias.c
         localename.c
         lock.c
         log.c
         ngettext.c
         Compiling...
         osdep.c
         plural-exp.c
         plural.c
         printf.c
         relocatable.c
         textdomain.c
         version.c
     1>C:\Program Files (x86)\MSBuild\Microsoft.Cpp\v4.0\V110\Microsoft.CppBuild.targets(1299,5): warning MSB8012: TargetPath(C:\vc11_deps\repo\winlibs_gettext\MSVC11\Release\libintl_a.lib) does not match the Library's OutputFile property value (C:\vc11_deps\repo\winlibs_gettext\MSVC11\libintl_static\Release\libintl_a.lib). This may cause your project to build incorrectly. To correct this, please make sure that $(OutDir), $(TargetName) and $(TargetExt) property values match the value specified in %(Lib.OutputFile).
       Lib:
         C:\Program Files (x86)\Microsoft Visual Studio 11.0\VC\bin\Lib.exe /OUT:"Release\libintl_a.lib" /NOLOGO /MACHINE:X86 /LTCG Release\bindtextdom.obj
         Release\dcgettext.obj
         Release\dcigettext.obj
         Release\dcngettext.obj
         Release\dgettext.obj
         Release\dngettext.obj
         Release\explodename.obj
         Release\finddomain.obj
         Release\gettext.obj
         "Release\hash-string.obj"
         "Release\intl-compat.obj"
         Release\l10nflist.obj
         Release\langprefs.obj
         Release\loadmsgcat.obj
         Release\localcharset.obj
         Release\localealias.obj
         Release\localename.obj
         Release\lock.obj
         Release\log.obj
         Release\ngettext.obj
         Release\osdep.obj
         "Release\plural-exp.obj"
         Release\plural.obj
         Release\printf.obj
         Release\relocatable.obj
         Release\textdomain.obj
         Release\version.obj
         libintl_static.vcxproj -> C:\vc11_deps\repo\winlibs_gettext\MSVC11\Release\libintl_a.lib
     1>Done Building Project "C:\vc11_deps\repo\winlibs_gettext\MSVC11\libintl_static\libintl_static.vcxproj" (Rebuild target(s)).

Build succeeded.

Time Elapsed 00:00:05.29
