C:\VC11_DEPS\REPO\WINLIBS_GETTEXT\MSVC11\LIBINTL_STATIC\RELEASE\NGETTEXT.OBJ
C:\VC11_DEPS\REPO\WINLIBS_GETTEXT\MSVC11\LIBINTL_STATIC\RELEASE\LOG.OBJ
C:\VC11_DEPS\REPO\WINLIBS_GETTEXT\MSVC11\LIBINTL_STATIC\RELEASE\LOCK.OBJ
C:\VC11_DEPS\REPO\WINLIBS_GETTEXT\MSVC11\LIBINTL_STATIC\RELEASE\LOCALENAME.OBJ
C:\VC11_DEPS\REPO\WINLIBS_GETTEXT\MSVC11\LIBINTL_STATIC\RELEASE\LOCALEALIAS.OBJ
C:\VC11_DEPS\REPO\WINLIBS_GETTEXT\MSVC11\LIBINTL_STATIC\RELEASE\LOCALCHARSET.OBJ
C:\VC11_DEPS\REPO\WINLIBS_GETTEXT\MSVC11\LIBINTL_STATIC\RELEASE\LOADMSGCAT.OBJ
C:\VC11_DEPS\REPO\WINLIBS_GETTEXT\MSVC11\LIBINTL_STATIC\RELEASE\LANGPREFS.OBJ
C:\VC11_DEPS\REPO\WINLIBS_GETTEXT\MSVC11\LIBINTL_STATIC\RELEASE\L10NFLIST.OBJ
C:\VC11_DEPS\REPO\WINLIBS_GETTEXT\MSVC11\LIBINTL_STATIC\RELEASE\INTL-COMPAT.OBJ
C:\VC11_DEPS\REPO\WINLIBS_GETTEXT\MSVC11\LIBINTL_STATIC\RELEASE\HASH-STRING.OBJ
C:\VC11_DEPS\REPO\WINLIBS_GETTEXT\MSVC11\LIBINTL_STATIC\RELEASE\GETTEXT.OBJ
C:\VC11_DEPS\REPO\WINLIBS_GETTEXT\MSVC11\LIBINTL_STATIC\RELEASE\FINDDOMAIN.OBJ
C:\VC11_DEPS\REPO\WINLIBS_GETTEXT\MSVC11\LIBINTL_STATIC\RELEASE\EXPLODENAME.OBJ
C:\VC11_DEPS\REPO\WINLIBS_GETTEXT\MSVC11\LIBINTL_STATIC\RELEASE\DNGETTEXT.OBJ
C:\VC11_DEPS\REPO\WINLIBS_GETTEXT\MSVC11\LIBINTL_STATIC\RELEASE\DGETTEXT.OBJ
C:\VC11_DEPS\REPO\WINLIBS_GETTEXT\MSVC11\LIBINTL_STATIC\RELEASE\DCNGETTEXT.OBJ
C:\VC11_DEPS\REPO\WINLIBS_GETTEXT\MSVC11\LIBINTL_STATIC\RELEASE\DCIGETTEXT.OBJ
C:\VC11_DEPS\REPO\WINLIBS_GETTEXT\MSVC11\LIBINTL_STATIC\RELEASE\DCGETTEXT.OBJ
C:\VC11_DEPS\REPO\WINLIBS_GETTEXT\MSVC11\LIBINTL_STATIC\RELEASE\BINDTEXTDOM.OBJ
C:\VC11_DEPS\REPO\WINLIBS_GETTEXT\MSVC11\LIBINTL_STATIC\RELEASE\VERSION.OBJ
C:\VC11_DEPS\REPO\WINLIBS_GETTEXT\MSVC11\LIBINTL_STATIC\RELEASE\TEXTDOMAIN.OBJ
C:\VC11_DEPS\REPO\WINLIBS_GETTEXT\MSVC11\LIBINTL_STATIC\RELEASE\RELOCATABLE.OBJ
C:\VC11_DEPS\REPO\WINLIBS_GETTEXT\MSVC11\LIBINTL_STATIC\RELEASE\PRINTF.OBJ
C:\VC11_DEPS\REPO\WINLIBS_GETTEXT\MSVC11\LIBINTL_STATIC\RELEASE\PLURAL.OBJ
C:\VC11_DEPS\REPO\WINLIBS_GETTEXT\MSVC11\LIBINTL_STATIC\RELEASE\PLURAL-EXP.OBJ
C:\VC11_DEPS\REPO\WINLIBS_GETTEXT\MSVC11\LIBINTL_STATIC\RELEASE\OSDEP.OBJ
C:\VC11_DEPS\REPO\WINLIBS_GETTEXT\MSVC11\LIBINTL_STATIC\RELEASE\VC110.PDB
C:\VC11_DEPS\REPO\WINLIBS_GETTEXT\MSVC11\LIBINTL_STATIC\RELEASE\LIBINTL_A.LIB
C:\vc11_deps\repo\winlibs_gettext\MSVC11\libintl_static\Release\bindtextdom.obj
C:\vc11_deps\repo\winlibs_gettext\MSVC11\libintl_static\Release\dcgettext.obj
C:\vc11_deps\repo\winlibs_gettext\MSVC11\libintl_static\Release\dcigettext.obj
C:\vc11_deps\repo\winlibs_gettext\MSVC11\libintl_static\Release\dcngettext.obj
C:\vc11_deps\repo\winlibs_gettext\MSVC11\libintl_static\Release\dgettext.obj
C:\vc11_deps\repo\winlibs_gettext\MSVC11\libintl_static\Release\dngettext.obj
C:\vc11_deps\repo\winlibs_gettext\MSVC11\libintl_static\Release\explodename.obj
C:\vc11_deps\repo\winlibs_gettext\MSVC11\libintl_static\Release\finddomain.obj
C:\vc11_deps\repo\winlibs_gettext\MSVC11\libintl_static\Release\gettext.obj
C:\vc11_deps\repo\winlibs_gettext\MSVC11\libintl_static\Release\hash-string.obj
C:\vc11_deps\repo\winlibs_gettext\MSVC11\libintl_static\Release\intl-compat.obj
C:\vc11_deps\repo\winlibs_gettext\MSVC11\libintl_static\Release\l10nflist.obj
C:\vc11_deps\repo\winlibs_gettext\MSVC11\libintl_static\Release\langprefs.obj
C:\vc11_deps\repo\winlibs_gettext\MSVC11\libintl_static\Release\loadmsgcat.obj
C:\vc11_deps\repo\winlibs_gettext\MSVC11\libintl_static\Release\localcharset.obj
C:\vc11_deps\repo\winlibs_gettext\MSVC11\libintl_static\Release\localealias.obj
C:\vc11_deps\repo\winlibs_gettext\MSVC11\libintl_static\Release\localename.obj
C:\vc11_deps\repo\winlibs_gettext\MSVC11\libintl_static\Release\lock.obj
C:\vc11_deps\repo\winlibs_gettext\MSVC11\libintl_static\Release\log.obj
C:\vc11_deps\repo\winlibs_gettext\MSVC11\libintl_static\Release\ngettext.obj
C:\vc11_deps\repo\winlibs_gettext\MSVC11\libintl_static\Release\osdep.obj
C:\vc11_deps\repo\winlibs_gettext\MSVC11\libintl_static\Release\plural-exp.obj
C:\vc11_deps\repo\winlibs_gettext\MSVC11\libintl_static\Release\plural.obj
C:\vc11_deps\repo\winlibs_gettext\MSVC11\libintl_static\Release\printf.obj
C:\vc11_deps\repo\winlibs_gettext\MSVC11\libintl_static\Release\relocatable.obj
C:\vc11_deps\repo\winlibs_gettext\MSVC11\libintl_static\Release\textdomain.obj
C:\vc11_deps\repo\winlibs_gettext\MSVC11\libintl_static\Release\version.obj
C:\vc11_deps\repo\winlibs_gettext\MSVC11\libintl_static\Release\cl.command.1.tlog
C:\vc11_deps\repo\winlibs_gettext\MSVC11\libintl_static\Release\CL.read.1.tlog
C:\vc11_deps\repo\winlibs_gettext\MSVC11\libintl_static\Release\CL.write.1.tlog
C:\vc11_deps\repo\winlibs_gettext\MSVC11\libintl_static\Release\Lib-link.read.1.tlog
C:\vc11_deps\repo\winlibs_gettext\MSVC11\libintl_static\Release\Lib-link.write.1.tlog
C:\vc11_deps\repo\winlibs_gettext\MSVC11\libintl_static\Release\lib.command.1.tlog
C:\vc11_deps\repo\winlibs_gettext\MSVC11\libintl_static\Release\vc110.pdb
