Build started 3/8/2013 8:51:01 AM.
     1>Project "C:\vc11_deps\repo\winlibs_gettext\MSVC11\libintl_dll\libintl_dll.vcxproj" on node 3 (Rebuild target(s)).
     1>ClCompile:
         C:\Program Files (x86)\Microsoft Visual Studio 11.0\VC\bin\x86_amd64\CL.exe /c /I".\..\..\source\gettext-runtime" /Zi /nologo /W3 /WX- /Ox /Ob2 /GL /D "LOCALEDIR=\"c:\\\\program files\\gettext\"" /D "LOCALE_ALIAS_PATH=\"c:\\\\program files\\gettext\"" /D "LIBDIR=\"c:\\\\program files\\gettext\"" /D BUILDING_LIBINTL /D BUILDING_DLL /D IN_LIBINTL /D ENABLE_RELOCATABLE=1 /D IN_LIBRARY /D "INSTALLDIR=\"c:\\\\program files\\gettext\"" /D NO_XMALLOC /D set_relocation_prefix=libintl_set_relocation_prefix /D relocate=libintl_relocate /D DEPENDS_ON_LIBICONV=1 /D HAVE_CONFIG_H /D _CRT_SECURE_NO_WARNINGS /D _WINDLL /D _UNICODE /D UNICODE /Gm- /EHsc /MD /GS /fp:precise /Zc:wchar_t /Zc:forScope /Fo"x64\Release\\" /Fd"x64\Release\libintl.pdb" /Gd /TC /errorReport:prompt "..\..\source\gettext-runtime\intl\bindtextdom.c" "..\..\source\gettext-runtime\intl\dcgettext.c" "..\..\source\gettext-runtime\intl\dcigettext.c" "..\..\source\gettext-runtime\intl\dcngettext.c" "..\..\source\gettext-runtime\intl\dgettext.c" "..\..\source\gettext-runtime\intl\dngettext.c" "..\..\source\gettext-runtime\intl\explodename.c" "..\..\source\gettext-runtime\intl\finddomain.c" "..\..\source\gettext-runtime\intl\gettext.c" "..\..\source\gettext-runtime\intl\hash-string.c" "..\..\source\gettext-runtime\intl\intl-compat.c" "..\..\source\gettext-runtime\intl\l10nflist.c" "..\..\source\gettext-runtime\intl\langprefs.c" "..\..\source\gettext-runtime\intl\loadmsgcat.c" "..\..\source\gettext-runtime\intl\localcharset.c" "..\..\source\gettext-runtime\intl\localealias.c" "..\..\source\gettext-runtime\intl\localename.c" "..\..\source\gettext-runtime\intl\lock.c" "..\..\source\gettext-runtime\intl\log.c" "..\..\source\gettext-runtime\intl\ngettext.c" "..\..\source\gettext-runtime\intl\osdep.c" "..\..\source\gettext-runtime\intl\plural-exp.c" "..\..\source\gettext-runtime\intl\plural.c" "..\..\source\gettext-runtime\intl\printf.c" "..\..\source\gettext-runtime\intl\relocatable.c" "..\..\source\gettext-runtime\intl\textdomain.c" "..\..\source\gettext-runtime\intl\version.c"
         bindtextdom.c
         dcgettext.c
         dcigettext.c
     1>..\..\source\gettext-runtime\intl\dcigettext.c(916): warning C4267: 'initializing' : conversion from 'size_t' to 'nls_uint32', possible loss of data
         dcngettext.c
         dgettext.c
         dngettext.c
         explodename.c
         finddomain.c
         gettext.c
         hash-string.c
         intl-compat.c
         l10nflist.c
         langprefs.c
         loadmsgcat.c
     1>..\..\source\gettext-runtime\intl\loadmsgcat.c(875): warning C4267: 'function' : conversion from 'size_t' to 'unsigned int', possible loss of data
         localcharset.c
         localealias.c
     1>..\..\source\gettext-runtime\intl\localealias.c(205): warning C4244: 'function' : conversion from '__int64' to 'int', possible loss of data
         localename.c
         lock.c
         log.c
         ngettext.c
         Compiling...
         osdep.c
         plural-exp.c
         plural.c
         printf.c
     1>c:\vc11_deps\repo\winlibs_gettext\source\gettext-runtime\intl\vasnprintf.c(1557): warning C4267: '=' : conversion from 'size_t' to 'char', possible loss of data
     1>c:\vc11_deps\repo\winlibs_gettext\source\gettext-runtime\intl\vasnprintf.c(1560): warning C4267: '=' : conversion from 'size_t' to 'short', possible loss of data
     1>c:\vc11_deps\repo\winlibs_gettext\source\gettext-runtime\intl\vasnprintf.c(1563): warning C4267: '=' : conversion from 'size_t' to 'int', possible loss of data
     1>c:\vc11_deps\repo\winlibs_gettext\source\gettext-runtime\intl\vasnprintf.c(1566): warning C4267: '=' : conversion from 'size_t' to 'long', possible loss of data
     1>..\..\source\gettext-runtime\intl\printf.c(113): warning C4267: '=' : conversion from 'size_t' to 'int', possible loss of data
     1>..\..\source\gettext-runtime\intl\printf.c(174): warning C4267: 'return' : conversion from 'size_t' to 'int', possible loss of data
     1>..\..\source\gettext-runtime\intl\printf.c(344): warning C4267: '=' : conversion from 'size_t' to 'int', possible loss of data
     1>..\..\source\gettext-runtime\intl\printf.c(417): warning C4267: 'return' : conversion from 'size_t' to 'int', possible loss of data
         relocatable.c
         textdomain.c
         version.c
       ResourceCompile:
         C:\Program Files (x86)\Windows Kits\8.0\bin\x86\rc.exe /D _UNICODE /D UNICODE /l"0x0409" /nologo /fo"x64\Release\libintl-x64.res" ..\libintl-x64.rc 
     1>C:\Program Files (x86)\MSBuild\Microsoft.Cpp\v4.0\V110\Microsoft.CppBuild.targets(1137,5): warning MSB8012: TargetPath(C:\vc11_deps\repo\winlibs_gettext\MSVC11\x64\Release\libintl_dll.dll) does not match the Linker's OutputFile property value (C:\vc11_deps\repo\winlibs_gettext\MSVC11\libintl_dll\x64\Release\libintl.dll). This may cause your project to build incorrectly. To correct this, please make sure that $(OutDir), $(TargetName) and $(TargetExt) property values match the value specified in %(Link.OutputFile).
     1>C:\Program Files (x86)\MSBuild\Microsoft.Cpp\v4.0\V110\Microsoft.CppBuild.targets(1139,5): warning MSB8012: TargetName(libintl_dll) does not match the Linker's OutputFile property value (libintl). This may cause your project to build incorrectly. To correct this, please make sure that $(OutDir), $(TargetName) and $(TargetExt) property values match the value specified in %(Link.OutputFile).
       Link:
         C:\Program Files (x86)\Microsoft Visual Studio 11.0\VC\bin\x86_amd64\link.exe /ERRORREPORT:PROMPT /OUT:"x64\Release\libintl.dll" /INCREMENTAL:NO /NOLOGO kernel32.lib user32.lib gdi32.lib winspool.lib comdlg32.lib advapi32.lib shell32.lib ole32.lib oleaut32.lib uuid.lib odbc32.lib odbccp32.lib /MANIFEST /MANIFESTUAC:"level='asInvoker' uiAccess='false'" /manifest:embed /DEBUG /PDB:"C:\vc11_deps\repo\winlibs_gettext\MSVC11\x64\Release\libintl_dll.pdb" /SUBSYSTEM:WINDOWS /OPT:REF /OPT:ICF /LTCG /TLBID:1 /DYNAMICBASE:NO /IMPLIB:"x64\Release\libintl.lib" /MACHINE:X64 /DLL "x64\Release\libintl-x64.res"
         x64\Release\bindtextdom.obj
         x64\Release\dcgettext.obj
         x64\Release\dcigettext.obj
         x64\Release\dcngettext.obj
         x64\Release\dgettext.obj
         x64\Release\dngettext.obj
         x64\Release\explodename.obj
         x64\Release\finddomain.obj
         x64\Release\gettext.obj
         "x64\Release\hash-string.obj"
         "x64\Release\intl-compat.obj"
         x64\Release\l10nflist.obj
         x64\Release\langprefs.obj
         x64\Release\loadmsgcat.obj
         x64\Release\localcharset.obj
         x64\Release\localealias.obj
         x64\Release\localename.obj
         x64\Release\lock.obj
         x64\Release\log.obj
         x64\Release\ngettext.obj
         x64\Release\osdep.obj
         "x64\Release\plural-exp.obj"
         x64\Release\plural.obj
         x64\Release\printf.obj
         x64\Release\relocatable.obj
         x64\Release\textdomain.obj
         x64\Release\version.obj
            Creating library x64\Release\libintl.lib and object x64\Release\libintl.exp
         Generating code
         Finished generating code
         libintl_dll.vcxproj -> C:\vc11_deps\repo\winlibs_gettext\MSVC11\x64\Release\libintl_dll.dll
     1>Done Building Project "C:\vc11_deps\repo\winlibs_gettext\MSVC11\libintl_dll\libintl_dll.vcxproj" (Rebuild target(s)).

Build succeeded.

Time Elapsed 00:00:05.92
