C:\VC11_DEPS\REPO\WINLIBS_GETTEXT\MSVC11\LIBINTL_DLL\X64\RELEASE\NGETTEXT.OBJ
C:\VC11_DEPS\REPO\WINLIBS_GETTEXT\MSVC11\LIBINTL_DLL\X64\RELEASE\LOG.OBJ
C:\VC11_DEPS\REPO\WINLIBS_GETTEXT\MSVC11\LIBINTL_DLL\X64\RELEASE\LOCK.OBJ
C:\VC11_DEPS\REPO\WINLIBS_GETTEXT\MSVC11\LIBINTL_DLL\X64\RELEASE\LOCALENAME.OBJ
C:\VC11_DEPS\REPO\WINLIBS_GETTEXT\MSVC11\LIBINTL_DLL\X64\RELEASE\LOCALEALIAS.OBJ
C:\VC11_DEPS\REPO\WINLIBS_GETTEXT\MSVC11\LIBINTL_DLL\X64\RELEASE\LOCALCHARSET.OBJ
C:\VC11_DEPS\REPO\WINLIBS_GETTEXT\MSVC11\LIBINTL_DLL\X64\RELEASE\LOADMSGCAT.OBJ
C:\VC11_DEPS\REPO\WINLIBS_GETTEXT\MSVC11\LIBINTL_DLL\X64\RELEASE\LANGPREFS.OBJ
C:\VC11_DEPS\REPO\WINLIBS_GETTEXT\MSVC11\LIBINTL_DLL\X64\RELEASE\L10NFLIST.OBJ
C:\VC11_DEPS\REPO\WINLIBS_GETTEXT\MSVC11\LIBINTL_DLL\X64\RELEASE\INTL-COMPAT.OBJ
C:\VC11_DEPS\REPO\WINLIBS_GETTEXT\MSVC11\LIBINTL_DLL\X64\RELEASE\HASH-STRING.OBJ
C:\VC11_DEPS\REPO\WINLIBS_GETTEXT\MSVC11\LIBINTL_DLL\X64\RELEASE\GETTEXT.OBJ
C:\VC11_DEPS\REPO\WINLIBS_GETTEXT\MSVC11\LIBINTL_DLL\X64\RELEASE\FINDDOMAIN.OBJ
C:\VC11_DEPS\REPO\WINLIBS_GETTEXT\MSVC11\LIBINTL_DLL\X64\RELEASE\EXPLODENAME.OBJ
C:\VC11_DEPS\REPO\WINLIBS_GETTEXT\MSVC11\LIBINTL_DLL\X64\RELEASE\DNGETTEXT.OBJ
C:\VC11_DEPS\REPO\WINLIBS_GETTEXT\MSVC11\LIBINTL_DLL\X64\RELEASE\DGETTEXT.OBJ
C:\VC11_DEPS\REPO\WINLIBS_GETTEXT\MSVC11\LIBINTL_DLL\X64\RELEASE\DCNGETTEXT.OBJ
C:\VC11_DEPS\REPO\WINLIBS_GETTEXT\MSVC11\LIBINTL_DLL\X64\RELEASE\DCIGETTEXT.OBJ
C:\VC11_DEPS\REPO\WINLIBS_GETTEXT\MSVC11\LIBINTL_DLL\X64\RELEASE\DCGETTEXT.OBJ
C:\VC11_DEPS\REPO\WINLIBS_GETTEXT\MSVC11\LIBINTL_DLL\X64\RELEASE\BINDTEXTDOM.OBJ
C:\VC11_DEPS\REPO\WINLIBS_GETTEXT\MSVC11\LIBINTL_DLL\X64\RELEASE\VERSION.OBJ
C:\VC11_DEPS\REPO\WINLIBS_GETTEXT\MSVC11\LIBINTL_DLL\X64\RELEASE\TEXTDOMAIN.OBJ
C:\VC11_DEPS\REPO\WINLIBS_GETTEXT\MSVC11\LIBINTL_DLL\X64\RELEASE\RELOCATABLE.OBJ
C:\VC11_DEPS\REPO\WINLIBS_GETTEXT\MSVC11\LIBINTL_DLL\X64\RELEASE\PRINTF.OBJ
C:\VC11_DEPS\REPO\WINLIBS_GETTEXT\MSVC11\LIBINTL_DLL\X64\RELEASE\PLURAL.OBJ
C:\VC11_DEPS\REPO\WINLIBS_GETTEXT\MSVC11\LIBINTL_DLL\X64\RELEASE\PLURAL-EXP.OBJ
C:\VC11_DEPS\REPO\WINLIBS_GETTEXT\MSVC11\LIBINTL_DLL\X64\RELEASE\OSDEP.OBJ
C:\VC11_DEPS\REPO\WINLIBS_GETTEXT\MSVC11\LIBINTL_DLL\X64\RELEASE\LIBINTL.PDB
C:\vc11_deps\repo\winlibs_gettext\MSVC11\libintl_dll\x64\Release\libintl.lib
C:\vc11_deps\repo\winlibs_gettext\MSVC11\libintl_dll\x64\Release\libintl.exp
C:\VC11_DEPS\REPO\WINLIBS_GETTEXT\MSVC11\LIBINTL_DLL\X64\RELEASE\LIBINTL.DLL
C:\VC11_DEPS\REPO\WINLIBS_GETTEXT\MSVC11\X64\RELEASE\LIBINTL_DLL.PDB
C:\VC11_DEPS\REPO\WINLIBS_GETTEXT\MSVC11\LIBINTL_DLL\X64\RELEASE\LIBINTL-X64.RES
C:\vc11_deps\repo\winlibs_gettext\MSVC11\libintl_dll\x64\Release\bindtextdom.obj
C:\vc11_deps\repo\winlibs_gettext\MSVC11\libintl_dll\x64\Release\dcgettext.obj
C:\vc11_deps\repo\winlibs_gettext\MSVC11\libintl_dll\x64\Release\dcigettext.obj
C:\vc11_deps\repo\winlibs_gettext\MSVC11\libintl_dll\x64\Release\dcngettext.obj
C:\vc11_deps\repo\winlibs_gettext\MSVC11\libintl_dll\x64\Release\dgettext.obj
C:\vc11_deps\repo\winlibs_gettext\MSVC11\libintl_dll\x64\Release\dngettext.obj
C:\vc11_deps\repo\winlibs_gettext\MSVC11\libintl_dll\x64\Release\explodename.obj
C:\vc11_deps\repo\winlibs_gettext\MSVC11\libintl_dll\x64\Release\finddomain.obj
C:\vc11_deps\repo\winlibs_gettext\MSVC11\libintl_dll\x64\Release\gettext.obj
C:\vc11_deps\repo\winlibs_gettext\MSVC11\libintl_dll\x64\Release\hash-string.obj
C:\vc11_deps\repo\winlibs_gettext\MSVC11\libintl_dll\x64\Release\intl-compat.obj
C:\vc11_deps\repo\winlibs_gettext\MSVC11\libintl_dll\x64\Release\l10nflist.obj
C:\vc11_deps\repo\winlibs_gettext\MSVC11\libintl_dll\x64\Release\langprefs.obj
C:\vc11_deps\repo\winlibs_gettext\MSVC11\libintl_dll\x64\Release\loadmsgcat.obj
C:\vc11_deps\repo\winlibs_gettext\MSVC11\libintl_dll\x64\Release\localcharset.obj
C:\vc11_deps\repo\winlibs_gettext\MSVC11\libintl_dll\x64\Release\localealias.obj
C:\vc11_deps\repo\winlibs_gettext\MSVC11\libintl_dll\x64\Release\localename.obj
C:\vc11_deps\repo\winlibs_gettext\MSVC11\libintl_dll\x64\Release\lock.obj
C:\vc11_deps\repo\winlibs_gettext\MSVC11\libintl_dll\x64\Release\log.obj
C:\vc11_deps\repo\winlibs_gettext\MSVC11\libintl_dll\x64\Release\ngettext.obj
C:\vc11_deps\repo\winlibs_gettext\MSVC11\libintl_dll\x64\Release\osdep.obj
C:\vc11_deps\repo\winlibs_gettext\MSVC11\libintl_dll\x64\Release\plural-exp.obj
C:\vc11_deps\repo\winlibs_gettext\MSVC11\libintl_dll\x64\Release\plural.obj
C:\vc11_deps\repo\winlibs_gettext\MSVC11\libintl_dll\x64\Release\printf.obj
C:\vc11_deps\repo\winlibs_gettext\MSVC11\libintl_dll\x64\Release\relocatable.obj
C:\vc11_deps\repo\winlibs_gettext\MSVC11\libintl_dll\x64\Release\textdomain.obj
C:\vc11_deps\repo\winlibs_gettext\MSVC11\libintl_dll\x64\Release\version.obj
C:\vc11_deps\repo\winlibs_gettext\MSVC11\libintl_dll\x64\Release\cl.command.1.tlog
C:\vc11_deps\repo\winlibs_gettext\MSVC11\libintl_dll\x64\Release\CL.read.1.tlog
C:\vc11_deps\repo\winlibs_gettext\MSVC11\libintl_dll\x64\Release\CL.write.1.tlog
C:\vc11_deps\repo\winlibs_gettext\MSVC11\libintl_dll\x64\Release\libintl_dll.write.1.tlog
C:\vc11_deps\repo\winlibs_gettext\MSVC11\libintl_dll\x64\Release\link-cvtres.read.1.tlog
C:\vc11_deps\repo\winlibs_gettext\MSVC11\libintl_dll\x64\Release\link-cvtres.write.1.tlog
C:\vc11_deps\repo\winlibs_gettext\MSVC11\libintl_dll\x64\Release\link-rc.read.1.tlog
C:\vc11_deps\repo\winlibs_gettext\MSVC11\libintl_dll\x64\Release\link-rc.write.1.tlog
C:\vc11_deps\repo\winlibs_gettext\MSVC11\libintl_dll\x64\Release\link.command.1.tlog
C:\vc11_deps\repo\winlibs_gettext\MSVC11\libintl_dll\x64\Release\link.read.1.tlog
C:\vc11_deps\repo\winlibs_gettext\MSVC11\libintl_dll\x64\Release\link.write.1.tlog
C:\vc11_deps\repo\winlibs_gettext\MSVC11\libintl_dll\x64\Release\rc.command.1.tlog
C:\vc11_deps\repo\winlibs_gettext\MSVC11\libintl_dll\x64\Release\rc.read.1.tlog
C:\vc11_deps\repo\winlibs_gettext\MSVC11\libintl_dll\x64\Release\rc.write.1.tlog
C:\vc11_deps\repo\winlibs_gettext\MSVC11\libintl_dll\x64\Release\libintl-x64.res
C:\vc11_deps\repo\winlibs_gettext\MSVC11\libintl_dll\x64\Release\libintl.pdb
