C:\VC11_DEPS\REPO\WINLIBS_GETTEXT\MSVC11\LIBINTL_STATIC\X64\DEBUG\FINDDOMAIN.OBJ
C:\VC11_DEPS\REPO\WINLIBS_GETTEXT\MSVC11\LIBINTL_STATIC\X64\DEBUG\GETTEXT.OBJ
C:\VC11_DEPS\REPO\WINLIBS_GETTEXT\MSVC11\LIBINTL_STATIC\X64\DEBUG\HASH-STRING.OBJ
C:\VC11_DEPS\REPO\WINLIBS_GETTEXT\MSVC11\LIBINTL_STATIC\X64\DEBUG\INTL-COMPAT.OBJ
C:\VC11_DEPS\REPO\WINLIBS_GETTEXT\MSVC11\LIBINTL_STATIC\X64\DEBUG\L10NFLIST.OBJ
C:\VC11_DEPS\REPO\WINLIBS_GETTEXT\MSVC11\LIBINTL_STATIC\X64\DEBUG\LANGPREFS.OBJ
C:\VC11_DEPS\REPO\WINLIBS_GETTEXT\MSVC11\LIBINTL_STATIC\X64\DEBUG\LOADMSGCAT.OBJ
C:\VC11_DEPS\REPO\WINLIBS_GETTEXT\MSVC11\LIBINTL_STATIC\X64\DEBUG\LOCALCHARSET.OBJ
C:\VC11_DEPS\REPO\WINLIBS_GETTEXT\MSVC11\LIBINTL_STATIC\X64\DEBUG\LOCALEALIAS.OBJ
C:\VC11_DEPS\REPO\WINLIBS_GETTEXT\MSVC11\LIBINTL_STATIC\X64\DEBUG\LOCALENAME.OBJ
C:\VC11_DEPS\REPO\WINLIBS_GETTEXT\MSVC11\LIBINTL_STATIC\X64\DEBUG\LOCK.OBJ
C:\VC11_DEPS\REPO\WINLIBS_GETTEXT\MSVC11\LIBINTL_STATIC\X64\DEBUG\LOG.OBJ
C:\VC11_DEPS\REPO\WINLIBS_GETTEXT\MSVC11\LIBINTL_STATIC\X64\DEBUG\NGETTEXT.OBJ
C:\VC11_DEPS\REPO\WINLIBS_GETTEXT\MSVC11\LIBINTL_STATIC\X64\DEBUG\OSDEP.OBJ
C:\VC11_DEPS\REPO\WINLIBS_GETTEXT\MSVC11\LIBINTL_STATIC\X64\DEBUG\PLURAL-EXP.OBJ
C:\VC11_DEPS\REPO\WINLIBS_GETTEXT\MSVC11\LIBINTL_STATIC\X64\DEBUG\PLURAL.OBJ
C:\VC11_DEPS\REPO\WINLIBS_GETTEXT\MSVC11\LIBINTL_STATIC\X64\DEBUG\PRINTF.OBJ
C:\VC11_DEPS\REPO\WINLIBS_GETTEXT\MSVC11\LIBINTL_STATIC\X64\DEBUG\RELOCATABLE.OBJ
C:\VC11_DEPS\REPO\WINLIBS_GETTEXT\MSVC11\LIBINTL_STATIC\X64\DEBUG\TEXTDOMAIN.OBJ
C:\VC11_DEPS\REPO\WINLIBS_GETTEXT\MSVC11\LIBINTL_STATIC\X64\DEBUG\VERSION.OBJ
C:\VC11_DEPS\REPO\WINLIBS_GETTEXT\MSVC11\LIBINTL_STATIC\X64\DEBUG\BINDTEXTDOM.OBJ
C:\VC11_DEPS\REPO\WINLIBS_GETTEXT\MSVC11\LIBINTL_STATIC\X64\DEBUG\DCGETTEXT.OBJ
C:\VC11_DEPS\REPO\WINLIBS_GETTEXT\MSVC11\LIBINTL_STATIC\X64\DEBUG\DCIGETTEXT.OBJ
C:\VC11_DEPS\REPO\WINLIBS_GETTEXT\MSVC11\LIBINTL_STATIC\X64\DEBUG\DCNGETTEXT.OBJ
C:\VC11_DEPS\REPO\WINLIBS_GETTEXT\MSVC11\LIBINTL_STATIC\X64\DEBUG\DGETTEXT.OBJ
C:\VC11_DEPS\REPO\WINLIBS_GETTEXT\MSVC11\LIBINTL_STATIC\X64\DEBUG\DNGETTEXT.OBJ
C:\VC11_DEPS\REPO\WINLIBS_GETTEXT\MSVC11\LIBINTL_STATIC\X64\DEBUG\EXPLODENAME.OBJ
C:\VC11_DEPS\REPO\WINLIBS_GETTEXT\MSVC11\LIBINTL_STATIC\X64\DEBUG\VC110.PDB
C:\VC11_DEPS\REPO\WINLIBS_GETTEXT\MSVC11\LIBINTL_STATIC\X64\DEBUG\LIBINTL_A_DEBUG.LIB
C:\vc11_deps\repo\winlibs_gettext\MSVC11\libintl_static\x64\Debug\bindtextdom.obj
C:\vc11_deps\repo\winlibs_gettext\MSVC11\libintl_static\x64\Debug\dcgettext.obj
C:\vc11_deps\repo\winlibs_gettext\MSVC11\libintl_static\x64\Debug\dcigettext.obj
C:\vc11_deps\repo\winlibs_gettext\MSVC11\libintl_static\x64\Debug\dcngettext.obj
C:\vc11_deps\repo\winlibs_gettext\MSVC11\libintl_static\x64\Debug\dgettext.obj
C:\vc11_deps\repo\winlibs_gettext\MSVC11\libintl_static\x64\Debug\dngettext.obj
C:\vc11_deps\repo\winlibs_gettext\MSVC11\libintl_static\x64\Debug\explodename.obj
C:\vc11_deps\repo\winlibs_gettext\MSVC11\libintl_static\x64\Debug\finddomain.obj
C:\vc11_deps\repo\winlibs_gettext\MSVC11\libintl_static\x64\Debug\gettext.obj
C:\vc11_deps\repo\winlibs_gettext\MSVC11\libintl_static\x64\Debug\hash-string.obj
C:\vc11_deps\repo\winlibs_gettext\MSVC11\libintl_static\x64\Debug\intl-compat.obj
C:\vc11_deps\repo\winlibs_gettext\MSVC11\libintl_static\x64\Debug\l10nflist.obj
C:\vc11_deps\repo\winlibs_gettext\MSVC11\libintl_static\x64\Debug\langprefs.obj
C:\vc11_deps\repo\winlibs_gettext\MSVC11\libintl_static\x64\Debug\loadmsgcat.obj
C:\vc11_deps\repo\winlibs_gettext\MSVC11\libintl_static\x64\Debug\localcharset.obj
C:\vc11_deps\repo\winlibs_gettext\MSVC11\libintl_static\x64\Debug\localealias.obj
C:\vc11_deps\repo\winlibs_gettext\MSVC11\libintl_static\x64\Debug\localename.obj
C:\vc11_deps\repo\winlibs_gettext\MSVC11\libintl_static\x64\Debug\lock.obj
C:\vc11_deps\repo\winlibs_gettext\MSVC11\libintl_static\x64\Debug\log.obj
C:\vc11_deps\repo\winlibs_gettext\MSVC11\libintl_static\x64\Debug\ngettext.obj
C:\vc11_deps\repo\winlibs_gettext\MSVC11\libintl_static\x64\Debug\osdep.obj
C:\vc11_deps\repo\winlibs_gettext\MSVC11\libintl_static\x64\Debug\plural-exp.obj
C:\vc11_deps\repo\winlibs_gettext\MSVC11\libintl_static\x64\Debug\plural.obj
C:\vc11_deps\repo\winlibs_gettext\MSVC11\libintl_static\x64\Debug\printf.obj
C:\vc11_deps\repo\winlibs_gettext\MSVC11\libintl_static\x64\Debug\relocatable.obj
C:\vc11_deps\repo\winlibs_gettext\MSVC11\libintl_static\x64\Debug\textdomain.obj
C:\vc11_deps\repo\winlibs_gettext\MSVC11\libintl_static\x64\Debug\version.obj
C:\vc11_deps\repo\winlibs_gettext\MSVC11\libintl_static\x64\Debug\cl.command.1.tlog
C:\vc11_deps\repo\winlibs_gettext\MSVC11\libintl_static\x64\Debug\CL.read.1.tlog
C:\vc11_deps\repo\winlibs_gettext\MSVC11\libintl_static\x64\Debug\CL.write.1.tlog
C:\vc11_deps\repo\winlibs_gettext\MSVC11\libintl_static\x64\Debug\Lib-link.read.1.tlog
C:\vc11_deps\repo\winlibs_gettext\MSVC11\libintl_static\x64\Debug\Lib-link.write.1.tlog
C:\vc11_deps\repo\winlibs_gettext\MSVC11\libintl_static\x64\Debug\lib.command.1.tlog
C:\vc11_deps\repo\winlibs_gettext\MSVC11\libintl_static\x64\Debug\vc110.idb
C:\vc11_deps\repo\winlibs_gettext\MSVC11\libintl_static\x64\Debug\vc110.pdb
