Build started 3/8/2013 8:51:15 AM.
     1>Project "C:\vc11_deps\repo\winlibs_gettext\MSVC11\libintl_static\libintl_static.vcxproj" on node 2 (Rebuild target(s)).
     1>ClCompile:
         C:\Program Files (x86)\Microsoft Visual Studio 11.0\VC\bin\x86_amd64\CL.exe /c /I".\..\..\source\gettext-runtime" /Zi /nologo /W3 /WX- /Od /D "LOCALEDIR=\"c:\\\\program files\\gettext\"" /D "LOCALE_ALIAS_PATH=\"c:\\\\program files\\gettext\"" /D "LIBDIR=\"c:\\\\program files\\gettext\"" /D IN_LIBINTL /D ENABLE_RELOCATABLE=1 /D IN_LIBRARY /D "INSTALLDIR=\"c:\\\\program files\\gettext\"" /D NO_XMALLOC /D set_relocation_prefix=libintl_set_relocation_prefix /D relocate=libintl_relocate /D DEPENDS_ON_LIBICONV=1 /D HAVE_CONFIG_H /D _CRT_SECURE_NO_WARNINGS /D _UNICODE /D UNICODE /Gm /EHsc /RTC1 /MDd /GS /fp:precise /Zc:wchar_t /Zc:forScope /Fo"x64\Debug\\" /Fd"x64\Debug\vc110.pdb" /Gd /TC /errorReport:prompt "..\..\source\gettext-runtime\intl\bindtextdom.c" "..\..\source\gettext-runtime\intl\dcgettext.c" "..\..\source\gettext-runtime\intl\dcigettext.c" "..\..\source\gettext-runtime\intl\dcngettext.c" "..\..\source\gettext-runtime\intl\dgettext.c" "..\..\source\gettext-runtime\intl\dngettext.c" "..\..\source\gettext-runtime\intl\explodename.c" "..\..\source\gettext-runtime\intl\finddomain.c" "..\..\source\gettext-runtime\intl\gettext.c" "..\..\source\gettext-runtime\intl\hash-string.c" "..\..\source\gettext-runtime\intl\intl-compat.c" "..\..\source\gettext-runtime\intl\l10nflist.c" "..\..\source\gettext-runtime\intl\langprefs.c" "..\..\source\gettext-runtime\intl\loadmsgcat.c" "..\..\source\gettext-runtime\intl\localcharset.c" "..\..\source\gettext-runtime\intl\localealias.c" "..\..\source\gettext-runtime\intl\localename.c" "..\..\source\gettext-runtime\intl\lock.c" "..\..\source\gettext-runtime\intl\log.c" "..\..\source\gettext-runtime\intl\ngettext.c" "..\..\source\gettext-runtime\intl\osdep.c" "..\..\source\gettext-runtime\intl\plural-exp.c" "..\..\source\gettext-runtime\intl\plural.c" "..\..\source\gettext-runtime\intl\printf.c" "..\..\source\gettext-runtime\intl\relocatable.c" "..\..\source\gettext-runtime\intl\textdomain.c" "..\..\source\gettext-runtime\intl\version.c"
         version.c
         textdomain.c
         relocatable.c
         printf.c
     1>c:\vc11_deps\repo\winlibs_gettext\source\gettext-runtime\intl\vasnprintf.c(1557): warning C4267: '=' : conversion from 'size_t' to 'char', possible loss of data
     1>c:\vc11_deps\repo\winlibs_gettext\source\gettext-runtime\intl\vasnprintf.c(1560): warning C4267: '=' : conversion from 'size_t' to 'short', possible loss of data
     1>c:\vc11_deps\repo\winlibs_gettext\source\gettext-runtime\intl\vasnprintf.c(1563): warning C4267: '=' : conversion from 'size_t' to 'int', possible loss of data
     1>c:\vc11_deps\repo\winlibs_gettext\source\gettext-runtime\intl\vasnprintf.c(1566): warning C4267: '=' : conversion from 'size_t' to 'long', possible loss of data
     1>..\..\source\gettext-runtime\intl\printf.c(113): warning C4267: '=' : conversion from 'size_t' to 'int', possible loss of data
     1>..\..\source\gettext-runtime\intl\printf.c(174): warning C4267: 'return' : conversion from 'size_t' to 'int', possible loss of data
     1>..\..\source\gettext-runtime\intl\printf.c(344): warning C4267: '=' : conversion from 'size_t' to 'int', possible loss of data
     1>..\..\source\gettext-runtime\intl\printf.c(417): warning C4267: 'return' : conversion from 'size_t' to 'int', possible loss of data
         plural.c
         plural-exp.c
         osdep.c
         ngettext.c
         log.c
         lock.c
         localename.c
         localealias.c
     1>..\..\source\gettext-runtime\intl\localealias.c(205): warning C4244: 'function' : conversion from '__int64' to 'int', possible loss of data
         localcharset.c
         loadmsgcat.c
     1>..\..\source\gettext-runtime\intl\loadmsgcat.c(875): warning C4267: 'function' : conversion from 'size_t' to 'unsigned int', possible loss of data
         langprefs.c
         l10nflist.c
         intl-compat.c
         hash-string.c
         gettext.c
         finddomain.c
         Generating Code...
         Compiling...
         explodename.c
         dngettext.c
         dgettext.c
         dcngettext.c
         dcigettext.c
     1>..\..\source\gettext-runtime\intl\dcigettext.c(916): warning C4267: 'initializing' : conversion from 'size_t' to 'nls_uint32', possible loss of data
         dcgettext.c
         bindtextdom.c
         Generating Code...
     1>C:\Program Files (x86)\MSBuild\Microsoft.Cpp\v4.0\V110\Microsoft.CppBuild.targets(1299,5): warning MSB8012: TargetPath(C:\vc11_deps\repo\winlibs_gettext\MSVC11\x64\Debug\libintl_static.lib) does not match the Library's OutputFile property value (C:\vc11_deps\repo\winlibs_gettext\MSVC11\libintl_static\x64\Debug\libintl_a_debug.lib). This may cause your project to build incorrectly. To correct this, please make sure that $(OutDir), $(TargetName) and $(TargetExt) property values match the value specified in %(Lib.OutputFile).
     1>C:\Program Files (x86)\MSBuild\Microsoft.Cpp\v4.0\V110\Microsoft.CppBuild.targets(1301,5): warning MSB8012: TargetName(libintl_static) does not match the Library's OutputFile property value (libintl_a_debug). This may cause your project to build incorrectly. To correct this, please make sure that $(OutDir), $(TargetName) and $(TargetExt) property values match the value specified in %(Lib.OutputFile).
       Lib:
         C:\Program Files (x86)\Microsoft Visual Studio 11.0\VC\bin\x86_amd64\Lib.exe /OUT:"x64\Debug\libintl_a_debug.lib" /NOLOGO /MACHINE:X64 x64\Debug\bindtextdom.obj
         x64\Debug\dcgettext.obj
         x64\Debug\dcigettext.obj
         x64\Debug\dcngettext.obj
         x64\Debug\dgettext.obj
         x64\Debug\dngettext.obj
         x64\Debug\explodename.obj
         x64\Debug\finddomain.obj
         x64\Debug\gettext.obj
         "x64\Debug\hash-string.obj"
         "x64\Debug\intl-compat.obj"
         x64\Debug\l10nflist.obj
         x64\Debug\langprefs.obj
         x64\Debug\loadmsgcat.obj
         x64\Debug\localcharset.obj
         x64\Debug\localealias.obj
         x64\Debug\localename.obj
         x64\Debug\lock.obj
         x64\Debug\log.obj
         x64\Debug\ngettext.obj
         x64\Debug\osdep.obj
         "x64\Debug\plural-exp.obj"
         x64\Debug\plural.obj
         x64\Debug\printf.obj
         x64\Debug\relocatable.obj
         x64\Debug\textdomain.obj
         x64\Debug\version.obj
         libintl_static.vcxproj -> C:\vc11_deps\repo\winlibs_gettext\MSVC11\x64\Debug\libintl_static.lib
     1>Done Building Project "C:\vc11_deps\repo\winlibs_gettext\MSVC11\libintl_static\libintl_static.vcxproj" (Rebuild target(s)).

Build succeeded.

Time Elapsed 00:00:06.06
